<?xml version="1.0" encoding="UTF-8"?>
<testsuite name="weather.stub.WeatherForecastTest" tests="1" skipped="0" failures="0" errors="0" timestamp="2019-11-19T10:54:56" hostname="ERGO-PDC-2" time="0.003">
  <properties/>
  <testcase name="testCalculateForecastWithStub" classname="weather.stub.WeatherForecastTest" time="0.003"/>
  <system-out><![CDATA[]]></system-out>
  <system-err><![CDATA[]]></system-err>
</testsuite>
