<?xml version="1.0" encoding="UTF-8"?>
<testsuite name="library.BookLibraryTest" tests="3" skipped="0" failures="0" errors="0" timestamp="2019-11-19T10:54:56" hostname="ERGO-PDC-2" time="0.153">
  <properties/>
  <testcase name="testListBooksWithConditionFragmentShorterThan3" classname="library.BookLibraryTest" time="0.149"/>
  <testcase name="testListBooksWithConditionMoreThan20" classname="library.BookLibraryTest" time="0.002"/>
  <testcase name="testListBooksWithConditionsReturnList" classname="library.BookLibraryTest" time="0.0"/>
  <system-out><![CDATA[]]></system-out>
  <system-err><![CDATA[]]></system-err>
</testsuite>
